INFO:root:Raw Folder Path:	../../Reports/Chinmayee_27-03-2019_15-49-PM/raw/
INFO:root:Final Folder Path:	../../Reports/Chinmayee_27-03-2019_15-49-PM/final/
INFO:root:Directory ../../Reports/Chinmayee_27-03-2019_15-49-PM/final/ already exists 
INFO:root:Copying Video file from:	../../Reports/Chinmayee_27-03-2019_15-49-PM/raw/Chinmayee_27-03-2019_15-49-PM_Video.mp4to../../Reports/Chinmayee_27-03-2019_15-49-PM/final/Chinmayee_27-03-2019_15-49-PM_Video.mp4
INFO:root:Starting EEG data normalization
INFO:root:Starting Facial Expression data normalization
WARNING:root:time data '﻿' does not match format '%Y-%m-%d %H:%M:%S'
INFO:root:Raw Folder Path:	../../Reports/Chinmayee_27-03-2019_15-49-PM/raw/
INFO:root:Final Folder Path:	../../Reports/Chinmayee_27-03-2019_15-49-PM/final/
INFO:root:Directory ../../Reports/Chinmayee_27-03-2019_15-49-PM/final/ already exists 
INFO:root:Copying Video file from:	../../Reports/Chinmayee_27-03-2019_15-49-PM/raw/Chinmayee_27-03-2019_15-49-PM_Video.mp4to../../Reports/Chinmayee_27-03-2019_15-49-PM/final/Chinmayee_27-03-2019_15-49-PM_Video.mp4
INFO:root:Starting EEG data normalization
INFO:root:Starting Facial Expression data normalization
WARNING:root:time data '﻿' does not match format '%Y-%m-%d %H:%M:%S'
INFO:root:Raw Folder Path:	../../Reports/Chinmayee_27-03-2019_15-49-PM/raw/
INFO:root:Final Folder Path:	../../Reports/Chinmayee_27-03-2019_15-49-PM/final/
INFO:root:Directory ../../Reports/Chinmayee_27-03-2019_15-49-PM/final/ already exists 
INFO:root:Copying Video file from:	../../Reports/Chinmayee_27-03-2019_15-49-PM/raw/Chinmayee_27-03-2019_15-49-PM_Video.mp4to../../Reports/Chinmayee_27-03-2019_15-49-PM/final/Chinmayee_27-03-2019_15-49-PM_Video.mp4
INFO:root:Starting EEG data normalization
INFO:root:Starting Facial Expression data normalization
WARNING:root:time data '﻿' does not match format '%Y-%m-%d %H:%M:%S'
INFO:root:Raw Folder Path:	../../Reports/Chinmayee_27-03-2019_15-49-PM/raw/
INFO:root:Final Folder Path:	../../Reports/Chinmayee_27-03-2019_15-49-PM/final/
INFO:root:Directory ../../Reports/Chinmayee_27-03-2019_15-49-PM/final/ Created 
INFO:root:Copying Video file from:	../../Reports/Chinmayee_27-03-2019_15-49-PM/raw/Chinmayee_27-03-2019_15-49-PM_Video.mp4to../../Reports/Chinmayee_27-03-2019_15-49-PM/final/Chinmayee_27-03-2019_15-49-PM_Video.mp4
INFO:root:Starting EEG data normalization
INFO:root:Starting Facial Expression data normalization
WARNING:root:time data '﻿' does not match format '%Y-%m-%d %H:%M:%S'
