INFO:root:Raw Folder Path:	../../Reports/User1/raw/
INFO:root:Final Folder Path:	../../Reports/User1/final/
INFO:root:Copying Video file from:	../../Reports/User1/raw/User1_Video.mp4to../../Reports/User1/final/User1_Video.mp4
INFO:root:Starting EEG data normalization
INFO:root:Start Date of Video Recording is:	2019-03-26 11:28:49
INFO:root:End Date of Video Recording is:	2019-03-26 11:29:47
INFO:root:Total number of rows:	82
INFO:root:HEADER -->
INFO:root:['DATETIME', 'DELTA', 'THETA', 'LOW ALPHA', 'HIGH ALPHA', 'LOW BETA', 'HIGH BETA', 'LOW GAMMA', 'HIGH GAMMA', 'ATTENTION', 'RELAXED', 'STRESSED', 'BLINK', 'Flag']
INFO:root:Previous Row -->
INFO:root:[]
INFO:root:Actual Row -->
INFO:root:['DATETIME', 'DELTA', 'THETA', 'LOW ALPHA', 'HIGH ALPHA', 'LOW BETA', 'HIGH BETA', 'LOW GAMMA', 'HIGH GAMMA', 'ATTENTION', 'RELAXED', 'STRESSED', 'BLINK', 'Flag']
INFO:root:FIRST ROW -->
INFO:root:['2019-03-26 11:28:42', '0', '0', '0', '0', '0', '0', '0', '0', '0', '0', '0', '0']
INFO:root:Previous Row -->
INFO:root:['2019-03-26 11:28:42', '0', '0', '0', '0', '0', '0', '0', '0', '0', '0', '0', '0']
INFO:root:Actual Row -->
INFO:root:['2019-03-26 11:28:42', '0', '0', '0', '0', '0', '0', '0', '0', '0', '0', '0', '0']
INFO:root:diff is:	0:00:00
INFO:root:Previous Row -->
INFO:root:['2019-03-26 11:28:42', '0', '0', '0', '0', '0', '0', '0', '0', '0', '0', '0', '0']
INFO:root:Actual Row -->
INFO:root:['2019-03-26 11:28:42', '0', '0', '0', '0', '0', '0', '0', '0', '0', '0', '0', '0']
INFO:root:diff is:	0:00:00
INFO:root:Previous Row -->
INFO:root:['2019-03-26 11:28:42', '0', '0', '0', '0', '0', '0', '0', '0', '0', '0', '0', '0']
INFO:root:Actual Row -->
INFO:root:['2019-03-26 11:28:43', '0', '0', '0', '0', '0', '0', '0', '0', '0', '0', '0', '0']
INFO:root:diff is:	0:00:01
INFO:root:1 second difference -->
INFO:root:['2019-03-26 11:28:42', '0', '0', '0', '0', '0', '0', '0', '0', '0', '0', '0', '0']
INFO:root:Previous Row -->
INFO:root:['2019-03-26 11:28:43', '0', '0', '0', '0', '0', '0', '0', '0', '0', '0', '0', '0']
INFO:root:Actual Row -->
INFO:root:['2019-03-26 11:28:43', '0', '0', '0', '0', '0', '0', '0', '0', '0', '0', '0', '0']
INFO:root:diff is:	0:00:00
INFO:root:Previous Row -->
INFO:root:['2019-03-26 11:28:43', '0', '0', '0', '0', '0', '0', '0', '0', '0', '0', '0', '0']
INFO:root:Actual Row -->
INFO:root:['2019-03-26 11:28:44', '0', '0', '0', '0', '0', '0', '0', '0', '0', '0', '0', '0']
INFO:root:diff is:	0:00:01
INFO:root:1 second difference -->
INFO:root:['2019-03-26 11:28:43', '0', '0', '0', '0', '0', '0', '0', '0', '0', '0', '0', '0']
INFO:root:Previous Row -->
INFO:root:['2019-03-26 11:28:44', '0', '0', '0', '0', '0', '0', '0', '0', '0', '0', '0', '0']
INFO:root:Actual Row -->
INFO:root:['2019-03-26 11:28:44', '0', '0', '0', '0', '0', '0', '0', '0', '0', '0', '0', '0']
INFO:root:diff is:	0:00:00
INFO:root:Previous Row -->
INFO:root:['2019-03-26 11:28:44', '0', '0', '0', '0', '0', '0', '0', '0', '0', '0', '0', '0']
INFO:root:Actual Row -->
INFO:root:['2019-03-26 11:28:45', '0', '0', '0', '0', '0', '0', '0', '0', '0', '0', '0', '0']
INFO:root:diff is:	0:00:01
INFO:root:1 second difference -->
INFO:root:['2019-03-26 11:28:44', '0', '0', '0', '0', '0', '0', '0', '0', '0', '0', '0', '0']
INFO:root:Previous Row -->
INFO:root:['2019-03-26 11:28:45', '0', '0', '0', '0', '0', '0', '0', '0', '0', '0', '0', '0']
INFO:root:Actual Row -->
INFO:root:['2019-03-26 11:28:46', '206194', '142168', '3521', '5389', '1305', '660', '865', '391', '0', '0', '100', '0']
INFO:root:diff is:	0:00:01
INFO:root:1 second difference -->
INFO:root:['2019-03-26 11:28:45', '0', '0', '0', '0', '0', '0', '0', '0', '0', '0', '0', '0']
INFO:root:Previous Row -->
INFO:root:['2019-03-26 11:28:46', '206194', '142168', '3521', '5389', '1305', '660', '865', '391', '0', '0', '100', '0']
INFO:root:Actual Row -->
INFO:root:['2019-03-26 11:28:47', '25420', '6863', '9021', '8958', '3368', '3002', '866', '508', '51', '51', '49', '0']
INFO:root:diff is:	0:00:01
INFO:root:1 second difference -->
INFO:root:['2019-03-26 11:28:46', '206194', '142168', '3521', '5389', '1305', '660', '865', '391', '0', '0', '100', '0']
INFO:root:Previous Row -->
INFO:root:['2019-03-26 11:28:47', '25420', '6863', '9021', '8958', '3368', '3002', '866', '508', '51', '51', '49', '0']
INFO:root:Actual Row -->
INFO:root:['2019-03-26 11:28:48', '5600', '6351', '2128', '6058', '4686', '2942', '1662', '2433', '67', '60', '40', '0']
INFO:root:diff is:	0:00:01
INFO:root:1 second difference -->
INFO:root:['2019-03-26 11:28:47', '25420', '6863', '9021', '8958', '3368', '3002', '866', '508', '51', '51', '49', '0']
INFO:root:Previous Row -->
INFO:root:['2019-03-26 11:28:48', '5600', '6351', '2128', '6058', '4686', '2942', '1662', '2433', '67', '60', '40', '0']
INFO:root:Actual Row -->
INFO:root:['2019-03-26 11:28:49', '8240', '22554', '13577', '2104', '10518', '2367', '2517', '1109', '77', '64', '36', '0']
INFO:root:diff is:	0:00:01
INFO:root:1 second difference -->
INFO:root:['2019-03-26 11:28:48', '5600', '6351', '2128', '6058', '4686', '2942', '1662', '2433', '67', '60', '40', '0']
INFO:root:Previous Row -->
INFO:root:['2019-03-26 11:28:49', '8240', '22554', '13577', '2104', '10518', '2367', '2517', '1109', '77', '64', '36', '0']
INFO:root:Actual Row -->
INFO:root:['2019-03-26 11:28:50', '0', '0', '0', '0', '0', '0', '0', '0', '0', '0', '0', '60']
INFO:root:diff is:	0:00:01
INFO:root:1 second difference -->
INFO:root:['2019-03-26 11:28:49', '8240', '22554', '13577', '2104', '10518', '2367', '2517', '1109', '77', '64', '36', '0']
INFO:root:Previous Row -->
INFO:root:['2019-03-26 11:28:50', '0', '0', '0', '0', '0', '0', '0', '0', '0', '0', '0', '60']
INFO:root:Actual Row -->
INFO:root:['2019-03-26 11:28:50', '165790', '58488', '21330', '18361', '17237', '15910', '2820', '1635', '91', '67', '33', '0']
INFO:root:diff is:	0:00:00
INFO:root:Previous Row -->
INFO:root:['2019-03-26 11:28:50', '165790', '58488', '21330', '18361', '17237', '15910', '2820', '1635', '91', '67', '33', '60']
INFO:root:Actual Row -->
INFO:root:['2019-03-26 11:28:51', '41841', '51595', '12389', '9672', '5844', '5918', '4743', '1841', '90', '57', '43', '0']
INFO:root:diff is:	0:00:01
INFO:root:1 second difference -->
INFO:root:['2019-03-26 11:28:50', '165790', '58488', '21330', '18361', '17237', '15910', '2820', '1635', '91', '67', '33', '60']
INFO:root:Previous Row -->
INFO:root:['2019-03-26 11:28:51', '41841', '51595', '12389', '9672', '5844', '5918', '4743', '1841', '90', '57', '43', '0']
INFO:root:Actual Row -->
INFO:root:['2019-03-26 11:28:52', '6975', '26423', '5132', '2930', '9731', '4489', '1751', '1164', '87', '51', '49', '0']
INFO:root:diff is:	0:00:01
INFO:root:1 second difference -->
INFO:root:['2019-03-26 11:28:51', '41841', '51595', '12389', '9672', '5844', '5918', '4743', '1841', '90', '57', '43', '0']
INFO:root:Previous Row -->
INFO:root:['2019-03-26 11:28:52', '6975', '26423', '5132', '2930', '9731', '4489', '1751', '1164', '87', '51', '49', '0']
INFO:root:Actual Row -->
INFO:root:['2019-03-26 11:28:53', '4409', '7767', '7731', '5094', '4294', '3118', '1093', '806', '93', '56', '44', '0']
INFO:root:diff is:	0:00:01
INFO:root:1 second difference -->
INFO:root:['2019-03-26 11:28:52', '6975', '26423', '5132', '2930', '9731', '4489', '1751', '1164', '87', '51', '49', '0']
INFO:root:Previous Row -->
INFO:root:['2019-03-26 11:28:53', '4409', '7767', '7731', '5094', '4294', '3118', '1093', '806', '93', '56', '44', '0']
INFO:root:Actual Row -->
INFO:root:['2019-03-26 11:28:54', '0', '0', '0', '0', '0', '0', '0', '0', '0', '0', '0', '55']
INFO:root:diff is:	0:00:01
INFO:root:1 second difference -->
INFO:root:['2019-03-26 11:28:53', '4409', '7767', '7731', '5094', '4294', '3118', '1093', '806', '93', '56', '44', '0']
INFO:root:Previous Row -->
INFO:root:['2019-03-26 11:28:54', '0', '0', '0', '0', '0', '0', '0', '0', '0', '0', '0', '55']
INFO:root:Actual Row -->
INFO:root:['2019-03-26 11:28:55', '216074', '36575', '22697', '4226', '6113', '2543', '1239', '582', '83', '61', '39', '0']
INFO:root:diff is:	0:00:01
INFO:root:1 second difference -->
INFO:root:['2019-03-26 11:28:54', '0', '0', '0', '0', '0', '0', '0', '0', '0', '0', '0', '55']
INFO:root:Previous Row -->
INFO:root:['2019-03-26 11:28:55', '216074', '36575', '22697', '4226', '6113', '2543', '1239', '582', '83', '61', '39', '0']
INFO:root:Actual Row -->
INFO:root:['2019-03-26 11:28:56', '1481900', '40363', '12262', '16776', '12767', '8223', '4652', '2506', '83', '66', '34', '0']
INFO:root:diff is:	0:00:01
INFO:root:1 second difference -->
INFO:root:['2019-03-26 11:28:55', '216074', '36575', '22697', '4226', '6113', '2543', '1239', '582', '83', '61', '39', '0']
INFO:root:Previous Row -->
INFO:root:['2019-03-26 11:28:56', '1481900', '40363', '12262', '16776', '12767', '8223', '4652', '2506', '83', '66', '34', '0']
INFO:root:Actual Row -->
INFO:root:['2019-03-26 11:28:57', '0', '0', '0', '0', '0', '0', '0', '0', '0', '0', '0', '55']
INFO:root:diff is:	0:00:01
INFO:root:1 second difference -->
INFO:root:['2019-03-26 11:28:56', '1481900', '40363', '12262', '16776', '12767', '8223', '4652', '2506', '83', '66', '34', '0']
INFO:root:Previous Row -->
INFO:root:['2019-03-26 11:28:57', '0', '0', '0', '0', '0', '0', '0', '0', '0', '0', '0', '55']
INFO:root:Actual Row -->
INFO:root:['2019-03-26 11:28:57', '81528', '117457', '18945', '64792', '20228', '9333', '3459', '1987', '77', '64', '36', '0']
INFO:root:diff is:	0:00:00
INFO:root:Previous Row -->
INFO:root:['2019-03-26 11:28:57', '81528', '117457', '18945', '64792', '20228', '9333', '3459', '1987', '77', '64', '36', '55']
INFO:root:Actual Row -->
INFO:root:['2019-03-26 11:28:58', '9531', '2017', '1450', '788', '3258', '1095', '637', '292', '83', '63', '37', '0']
INFO:root:diff is:	0:00:01
INFO:root:1 second difference -->
INFO:root:['2019-03-26 11:28:57', '81528', '117457', '18945', '64792', '20228', '9333', '3459', '1987', '77', '64', '36', '55']
INFO:root:Previous Row -->
INFO:root:['2019-03-26 11:28:58', '9531', '2017', '1450', '788', '3258', '1095', '637', '292', '83', '63', '37', '0']
INFO:root:Actual Row -->
INFO:root:['2019-03-26 11:28:59', '1558', '15167', '7373', '6079', '6041', '2935', '7163', '1562', '90', '63', '37', '0']
INFO:root:diff is:	0:00:01
INFO:root:1 second difference -->
INFO:root:['2019-03-26 11:28:58', '9531', '2017', '1450', '788', '3258', '1095', '637', '292', '83', '63', '37', '0']
INFO:root:Previous Row -->
INFO:root:['2019-03-26 11:28:59', '1558', '15167', '7373', '6079', '6041', '2935', '7163', '1562', '90', '63', '37', '0']
INFO:root:Actual Row -->
INFO:root:['2019-03-26 11:29:00', '5178', '6212', '1799', '5491', '8103', '5232', '3530', '1022', '96', '61', '39', '0']
INFO:root:diff is:	0:00:01
INFO:root:1 second difference -->
INFO:root:['2019-03-26 11:28:59', '1558', '15167', '7373', '6079', '6041', '2935', '7163', '1562', '90', '63', '37', '0']
INFO:root:Previous Row -->
INFO:root:['2019-03-26 11:29:00', '5178', '6212', '1799', '5491', '8103', '5232', '3530', '1022', '96', '61', '39', '0']
INFO:root:Actual Row -->
INFO:root:['2019-03-26 11:29:01', '176242', '15043', '5722', '6098', '5527', '12489', '4489', '2373', '100', '56', '44', '0']
INFO:root:diff is:	0:00:01
INFO:root:1 second difference -->
INFO:root:['2019-03-26 11:29:00', '5178', '6212', '1799', '5491', '8103', '5232', '3530', '1022', '96', '61', '39', '0']
INFO:root:Previous Row -->
INFO:root:['2019-03-26 11:29:01', '176242', '15043', '5722', '6098', '5527', '12489', '4489', '2373', '100', '56', '44', '0']
INFO:root:Actual Row -->
INFO:root:['2019-03-26 11:29:01', '0', '0', '0', '0', '0', '0', '0', '0', '0', '0', '0', '65']
INFO:root:diff is:	0:00:00
INFO:root:Previous Row -->
INFO:root:['2019-03-26 11:29:01', '176242', '15043', '5722', '6098', '5527', '12489', '4489', '2373', '100', '56', '44', '0']
INFO:root:Actual Row -->
INFO:root:['2019-03-26 11:29:02', '290638', '50956', '20530', '3666', '9437', '1359', '761', '774', '94', '56', '44', '0']
INFO:root:diff is:	0:00:01
INFO:root:1 second difference -->
INFO:root:['2019-03-26 11:29:01', '176242', '15043', '5722', '6098', '5527', '12489', '4489', '2373', '100', '56', '44', '0']
INFO:root:Previous Row -->
INFO:root:['2019-03-26 11:29:02', '290638', '50956', '20530', '3666', '9437', '1359', '761', '774', '94', '56', '44', '0']
INFO:root:Actual Row -->
INFO:root:['2019-03-26 11:29:03', '9043', '15294', '25189', '8496', '6741', '9184', '1887', '1836', '97', '60', '40', '0']
INFO:root:diff is:	0:00:01
INFO:root:1 second difference -->
INFO:root:['2019-03-26 11:29:02', '290638', '50956', '20530', '3666', '9437', '1359', '761', '774', '94', '56', '44', '0']
INFO:root:Previous Row -->
INFO:root:['2019-03-26 11:29:03', '9043', '15294', '25189', '8496', '6741', '9184', '1887', '1836', '97', '60', '40', '0']
INFO:root:Actual Row -->
INFO:root:['2019-03-26 11:29:04', '584929', '39098', '23057', '19074', '17848', '5326', '2267', '984', '87', '63', '37', '0']
INFO:root:diff is:	0:00:01
INFO:root:1 second difference -->
INFO:root:['2019-03-26 11:29:03', '9043', '15294', '25189', '8496', '6741', '9184', '1887', '1836', '97', '60', '40', '0']
INFO:root:Previous Row -->
INFO:root:['2019-03-26 11:29:04', '584929', '39098', '23057', '19074', '17848', '5326', '2267', '984', '87', '63', '37', '0']
INFO:root:Actual Row -->
INFO:root:['2019-03-26 11:29:05', '125108', '55632', '17904', '30156', '7219', '5985', '2103', '1869', '74', '67', '33', '0']
INFO:root:diff is:	0:00:01
INFO:root:1 second difference -->
INFO:root:['2019-03-26 11:29:04', '584929', '39098', '23057', '19074', '17848', '5326', '2267', '984', '87', '63', '37', '0']
INFO:root:Previous Row -->
INFO:root:['2019-03-26 11:29:05', '125108', '55632', '17904', '30156', '7219', '5985', '2103', '1869', '74', '67', '33', '0']
INFO:root:Actual Row -->
INFO:root:['2019-03-26 11:29:07', '15062', '17370', '3126', '1582', '5192', '2106', '1216', '853', '83', '63', '37', '0']
INFO:root:diff is:	0:00:02
INFO:root:Diff between Datetime > 1
INFO:root:['2019-03-26 11:29:05', '125108', '55632', '17904', '30156', '7219', '5985', '2103', '1869', '74', '67', '33', '0']
INFO:root:Previous Row -->
INFO:root:['2019-03-26 11:29:07', '15062', '17370', '3126', '1582', '5192', '2106', '1216', '853', '83', '63', '37', '0']
INFO:root:Actual Row -->
INFO:root:['2019-03-26 11:29:08', '278349', '38282', '13650', '6698', '3092', '1946', '241', '509', '78', '60', '40', '0']
INFO:root:diff is:	0:00:01
INFO:root:1 second difference -->
INFO:root:['2019-03-26 11:29:07', '15062', '17370', '3126', '1582', '5192', '2106', '1216', '853', '83', '63', '37', '0']
INFO:root:Previous Row -->
INFO:root:['2019-03-26 11:29:08', '278349', '38282', '13650', '6698', '3092', '1946', '241', '509', '78', '60', '40', '0']
INFO:root:Actual Row -->
INFO:root:['2019-03-26 11:29:09', '12018', '22634', '3201', '19852', '6651', '2814', '2634', '914', '78', '61', '39', '0']
INFO:root:diff is:	0:00:01
INFO:root:1 second difference -->
INFO:root:['2019-03-26 11:29:08', '278349', '38282', '13650', '6698', '3092', '1946', '241', '509', '78', '60', '40', '0']
INFO:root:Previous Row -->
INFO:root:['2019-03-26 11:29:09', '12018', '22634', '3201', '19852', '6651', '2814', '2634', '914', '78', '61', '39', '0']
INFO:root:Actual Row -->
INFO:root:['2019-03-26 11:29:10', '368616', '100475', '52439', '9533', '26520', '4476', '1834', '2907', '67', '56', '44', '0']
INFO:root:diff is:	0:00:01
INFO:root:1 second difference -->
INFO:root:['2019-03-26 11:29:09', '12018', '22634', '3201', '19852', '6651', '2814', '2634', '914', '78', '61', '39', '0']
INFO:root:Previous Row -->
INFO:root:['2019-03-26 11:29:10', '368616', '100475', '52439', '9533', '26520', '4476', '1834', '2907', '67', '56', '44', '0']
INFO:root:Actual Row -->
INFO:root:['2019-03-26 11:29:11', '16911', '5997', '1245', '5878', '12101', '4103', '3344', '2038', '77', '60', '40', '0']
INFO:root:diff is:	0:00:01
INFO:root:1 second difference -->
INFO:root:['2019-03-26 11:29:10', '368616', '100475', '52439', '9533', '26520', '4476', '1834', '2907', '67', '56', '44', '0']
INFO:root:Previous Row -->
INFO:root:['2019-03-26 11:29:11', '16911', '5997', '1245', '5878', '12101', '4103', '3344', '2038', '77', '60', '40', '0']
INFO:root:Actual Row -->
INFO:root:['2019-03-26 11:29:12', '9355', '3715', '15030', '2422', '2679', '4399', '1188', '997', '88', '67', '33', '0']
INFO:root:diff is:	0:00:01
INFO:root:1 second difference -->
INFO:root:['2019-03-26 11:29:11', '16911', '5997', '1245', '5878', '12101', '4103', '3344', '2038', '77', '60', '40', '0']
INFO:root:Previous Row -->
INFO:root:['2019-03-26 11:29:12', '9355', '3715', '15030', '2422', '2679', '4399', '1188', '997', '88', '67', '33', '0']
INFO:root:Actual Row -->
INFO:root:['2019-03-26 11:29:13', '14783', '23421', '7487', '17324', '5418', '7507', '5226', '1944', '94', '67', '33', '0']
INFO:root:diff is:	0:00:01
INFO:root:1 second difference -->
INFO:root:['2019-03-26 11:29:12', '9355', '3715', '15030', '2422', '2679', '4399', '1188', '997', '88', '67', '33', '0']
INFO:root:Previous Row -->
INFO:root:['2019-03-26 11:29:13', '14783', '23421', '7487', '17324', '5418', '7507', '5226', '1944', '94', '67', '33', '0']
INFO:root:Actual Row -->
INFO:root:['2019-03-26 11:29:14', '10579', '27768', '1849', '12885', '3781', '3464', '2417', '2056', '100', '67', '33', '0']
INFO:root:diff is:	0:00:01
INFO:root:1 second difference -->
INFO:root:['2019-03-26 11:29:13', '14783', '23421', '7487', '17324', '5418', '7507', '5226', '1944', '94', '67', '33', '0']
INFO:root:Previous Row -->
INFO:root:['2019-03-26 11:29:14', '10579', '27768', '1849', '12885', '3781', '3464', '2417', '2056', '100', '67', '33', '0']
INFO:root:Actual Row -->
INFO:root:['2019-03-26 11:29:14', '0', '0', '0', '0', '0', '0', '0', '0', '0', '0', '0', '60']
INFO:root:diff is:	0:00:00
INFO:root:Previous Row -->
INFO:root:['2019-03-26 11:29:14', '10579', '27768', '1849', '12885', '3781', '3464', '2417', '2056', '100', '67', '33', '0']
INFO:root:Actual Row -->
INFO:root:['2019-03-26 11:29:15', '130041', '8138', '920', '1225', '2695', '2836', '1176', '1310', '100', '63', '37', '0']
INFO:root:diff is:	0:00:01
INFO:root:1 second difference -->
INFO:root:['2019-03-26 11:29:14', '10579', '27768', '1849', '12885', '3781', '3464', '2417', '2056', '100', '67', '33', '0']
INFO:root:Previous Row -->
INFO:root:['2019-03-26 11:29:15', '130041', '8138', '920', '1225', '2695', '2836', '1176', '1310', '100', '63', '37', '0']
INFO:root:Actual Row -->
INFO:root:['2019-03-26 11:29:16', '14698', '4224', '4910', '2770', '4412', '6632', '2862', '2297', '100', '56', '44', '0']
INFO:root:diff is:	0:00:01
INFO:root:1 second difference -->
INFO:root:['2019-03-26 11:29:15', '130041', '8138', '920', '1225', '2695', '2836', '1176', '1310', '100', '63', '37', '0']
INFO:root:Previous Row -->
INFO:root:['2019-03-26 11:29:16', '14698', '4224', '4910', '2770', '4412', '6632', '2862', '2297', '100', '56', '44', '0']
INFO:root:Actual Row -->
INFO:root:['2019-03-26 11:29:16', '0', '0', '0', '0', '0', '0', '0', '0', '0', '0', '0', '52']
INFO:root:diff is:	0:00:00
INFO:root:Previous Row -->
INFO:root:['2019-03-26 11:29:16', '14698', '4224', '4910', '2770', '4412', '6632', '2862', '2297', '100', '56', '44', '0']
INFO:root:Actual Row -->
INFO:root:['2019-03-26 11:29:17', '281337', '35908', '2027', '1426', '4729', '1282', '579', '335', '94', '41', '59', '0']
INFO:root:diff is:	0:00:01
INFO:root:1 second difference -->
INFO:root:['2019-03-26 11:29:16', '14698', '4224', '4910', '2770', '4412', '6632', '2862', '2297', '100', '56', '44', '0']
INFO:root:Previous Row -->
INFO:root:['2019-03-26 11:29:17', '281337', '35908', '2027', '1426', '4729', '1282', '579', '335', '94', '41', '59', '0']
INFO:root:Actual Row -->
INFO:root:['2019-03-26 11:29:18', '31446', '8680', '2123', '7080', '8728', '7250', '4544', '1578', '100', '41', '59', '0']
INFO:root:diff is:	0:00:01
INFO:root:1 second difference -->
INFO:root:['2019-03-26 11:29:17', '281337', '35908', '2027', '1426', '4729', '1282', '579', '335', '94', '41', '59', '0']
INFO:root:Previous Row -->
INFO:root:['2019-03-26 11:29:18', '31446', '8680', '2123', '7080', '8728', '7250', '4544', '1578', '100', '41', '59', '0']
INFO:root:Actual Row -->
INFO:root:['2019-03-26 11:29:19', '25017', '21282', '7802', '13577', '14360', '7274', '4180', '1676', '100', '48', '52', '0']
INFO:root:diff is:	0:00:01
INFO:root:1 second difference -->
INFO:root:['2019-03-26 11:29:18', '31446', '8680', '2123', '7080', '8728', '7250', '4544', '1578', '100', '41', '59', '0']
INFO:root:Previous Row -->
INFO:root:['2019-03-26 11:29:19', '25017', '21282', '7802', '13577', '14360', '7274', '4180', '1676', '100', '48', '52', '0']
INFO:root:Actual Row -->
INFO:root:['2019-03-26 11:29:20', '13518', '18388', '17339', '9071', '8445', '4435', '3307', '1202', '93', '51', '49', '0']
INFO:root:diff is:	0:00:01
INFO:root:1 second difference -->
INFO:root:['2019-03-26 11:29:19', '25017', '21282', '7802', '13577', '14360', '7274', '4180', '1676', '100', '48', '52', '0']
INFO:root:Previous Row -->
INFO:root:['2019-03-26 11:29:20', '13518', '18388', '17339', '9071', '8445', '4435', '3307', '1202', '93', '51', '49', '0']
INFO:root:Actual Row -->
INFO:root:['2019-03-26 11:29:21', '52579', '29433', '32452', '17981', '9680', '6370', '1635', '721', '97', '67', '33', '0']
INFO:root:diff is:	0:00:01
INFO:root:1 second difference -->
INFO:root:['2019-03-26 11:29:20', '13518', '18388', '17339', '9071', '8445', '4435', '3307', '1202', '93', '51', '49', '0']
INFO:root:Previous Row -->
INFO:root:['2019-03-26 11:29:21', '52579', '29433', '32452', '17981', '9680', '6370', '1635', '721', '97', '67', '33', '0']
INFO:root:Actual Row -->
INFO:root:['2019-03-26 11:29:22', '22118', '24595', '3427', '11130', '9063', '12738', '5387', '1933', '96', '67', '33', '0']
INFO:root:diff is:	0:00:01
INFO:root:1 second difference -->
INFO:root:['2019-03-26 11:29:21', '52579', '29433', '32452', '17981', '9680', '6370', '1635', '721', '97', '67', '33', '0']
INFO:root:Previous Row -->
INFO:root:['2019-03-26 11:29:22', '22118', '24595', '3427', '11130', '9063', '12738', '5387', '1933', '96', '67', '33', '0']
INFO:root:Actual Row -->
INFO:root:['2019-03-26 11:29:22', '0', '0', '0', '0', '0', '0', '0', '0', '0', '0', '0', '34']
INFO:root:diff is:	0:00:00
INFO:root:Previous Row -->
INFO:root:['2019-03-26 11:29:22', '22118', '24595', '3427', '11130', '9063', '12738', '5387', '1933', '96', '67', '33', '0']
INFO:root:Actual Row -->
INFO:root:['2019-03-26 11:29:23', '479365', '247864', '46690', '76056', '32781', '16087', '15041', '4124', '88', '66', '34', '0']
INFO:root:diff is:	0:00:01
INFO:root:1 second difference -->
INFO:root:['2019-03-26 11:29:22', '22118', '24595', '3427', '11130', '9063', '12738', '5387', '1933', '96', '67', '33', '0']
INFO:root:Previous Row -->
INFO:root:['2019-03-26 11:29:23', '479365', '247864', '46690', '76056', '32781', '16087', '15041', '4124', '88', '66', '34', '0']
INFO:root:Actual Row -->
INFO:root:['2019-03-26 11:29:24', '603312', '110734', '8298', '11884', '10204', '10600', '5814', '3478', '87', '54', '46', '0']
INFO:root:diff is:	0:00:01
INFO:root:1 second difference -->
INFO:root:['2019-03-26 11:29:23', '479365', '247864', '46690', '76056', '32781', '16087', '15041', '4124', '88', '66', '34', '0']
INFO:root:Previous Row -->
INFO:root:['2019-03-26 11:29:24', '603312', '110734', '8298', '11884', '10204', '10600', '5814', '3478', '87', '54', '46', '0']
INFO:root:Actual Row -->
INFO:root:['2019-03-26 11:29:25', '0', '0', '0', '0', '0', '0', '0', '0', '0', '0', '0', '59']
INFO:root:diff is:	0:00:01
INFO:root:1 second difference -->
INFO:root:['2019-03-26 11:29:24', '603312', '110734', '8298', '11884', '10204', '10600', '5814', '3478', '87', '54', '46', '0']
INFO:root:Previous Row -->
INFO:root:['2019-03-26 11:29:25', '0', '0', '0', '0', '0', '0', '0', '0', '0', '0', '0', '59']
INFO:root:Actual Row -->
INFO:root:['2019-03-26 11:29:25', '25924', '59009', '16581', '3663', '3006', '1870', '2458', '726', '78', '47', '53', '0']
INFO:root:diff is:	0:00:00
INFO:root:Previous Row -->
INFO:root:['2019-03-26 11:29:25', '25924', '59009', '16581', '3663', '3006', '1870', '2458', '726', '78', '47', '53', '59']
INFO:root:Actual Row -->
INFO:root:['2019-03-26 11:29:26', '62990', '6811', '4330', '7016', '1066', '2711', '1373', '1446', '74', '53', '47', '0']
INFO:root:diff is:	0:00:01
INFO:root:1 second difference -->
INFO:root:['2019-03-26 11:29:25', '25924', '59009', '16581', '3663', '3006', '1870', '2458', '726', '78', '47', '53', '59']
INFO:root:Previous Row -->
INFO:root:['2019-03-26 11:29:26', '62990', '6811', '4330', '7016', '1066', '2711', '1373', '1446', '74', '53', '47', '0']
INFO:root:Actual Row -->
INFO:root:['2019-03-26 11:29:27', '10002', '33623', '13521', '2104', '7062', '13741', '12337', '6424', '84', '51', '49', '0']
INFO:root:diff is:	0:00:01
INFO:root:1 second difference -->
INFO:root:['2019-03-26 11:29:26', '62990', '6811', '4330', '7016', '1066', '2711', '1373', '1446', '74', '53', '47', '0']
INFO:root:Previous Row -->
INFO:root:['2019-03-26 11:29:27', '10002', '33623', '13521', '2104', '7062', '13741', '12337', '6424', '84', '51', '49', '0']
INFO:root:Actual Row -->
INFO:root:['2019-03-26 11:29:28', '12115', '8856', '2743', '5577', '3114', '8769', '18441', '2883', '96', '60', '40', '0']
INFO:root:diff is:	0:00:01
INFO:root:1 second difference -->
INFO:root:['2019-03-26 11:29:27', '10002', '33623', '13521', '2104', '7062', '13741', '12337', '6424', '84', '51', '49', '0']
INFO:root:Previous Row -->
INFO:root:['2019-03-26 11:29:28', '12115', '8856', '2743', '5577', '3114', '8769', '18441', '2883', '96', '60', '40', '0']
INFO:root:Actual Row -->
INFO:root:['2019-03-26 11:29:29', '22511', '22790', '15369', '8174', '6452', '8920', '8008', '1884', '100', '64', '36', '0']
INFO:root:diff is:	0:00:01
INFO:root:1 second difference -->
INFO:root:['2019-03-26 11:29:28', '12115', '8856', '2743', '5577', '3114', '8769', '18441', '2883', '96', '60', '40', '0']
INFO:root:Previous Row -->
INFO:root:['2019-03-26 11:29:29', '22511', '22790', '15369', '8174', '6452', '8920', '8008', '1884', '100', '64', '36', '0']
INFO:root:Actual Row -->
INFO:root:['2019-03-26 11:29:30', '65266', '12993', '5223', '13535', '8976', '5741', '3140', '2193', '100', '61', '39', '0']
INFO:root:diff is:	0:00:01
INFO:root:1 second difference -->
INFO:root:['2019-03-26 11:29:29', '22511', '22790', '15369', '8174', '6452', '8920', '8008', '1884', '100', '64', '36', '0']
INFO:root:Previous Row -->
INFO:root:['2019-03-26 11:29:30', '65266', '12993', '5223', '13535', '8976', '5741', '3140', '2193', '100', '61', '39', '0']
INFO:root:Actual Row -->
INFO:root:['2019-03-26 11:29:31', '12275', '13773', '1184', '9266', '1585', '7191', '9931', '1708', '100', '63', '37', '0']
INFO:root:diff is:	0:00:01
INFO:root:1 second difference -->
INFO:root:['2019-03-26 11:29:30', '65266', '12993', '5223', '13535', '8976', '5741', '3140', '2193', '100', '61', '39', '0']
INFO:root:Previous Row -->
INFO:root:['2019-03-26 11:29:31', '12275', '13773', '1184', '9266', '1585', '7191', '9931', '1708', '100', '63', '37', '0']
INFO:root:Actual Row -->
INFO:root:['2019-03-26 11:29:32', '512704', '98278', '12625', '2405', '5995', '46238', '63230', '15908', '100', '53', '47', '0']
INFO:root:diff is:	0:00:01
INFO:root:1 second difference -->
INFO:root:['2019-03-26 11:29:31', '12275', '13773', '1184', '9266', '1585', '7191', '9931', '1708', '100', '63', '37', '0']
INFO:root:Previous Row -->
INFO:root:['2019-03-26 11:29:32', '512704', '98278', '12625', '2405', '5995', '46238', '63230', '15908', '100', '53', '47', '0']
INFO:root:Actual Row -->
INFO:root:['2019-03-26 11:29:33', '35046', '31834', '10043', '8291', '6865', '11051', '6640', '3081', '100', '50', '50', '0']
INFO:root:diff is:	0:00:01
INFO:root:1 second difference -->
INFO:root:['2019-03-26 11:29:32', '512704', '98278', '12625', '2405', '5995', '46238', '63230', '15908', '100', '53', '47', '0']
INFO:root:Previous Row -->
INFO:root:['2019-03-26 11:29:33', '35046', '31834', '10043', '8291', '6865', '11051', '6640', '3081', '100', '50', '50', '0']
INFO:root:Actual Row -->
INFO:root:['2019-03-26 11:29:33', '0', '0', '0', '0', '0', '0', '0', '0', '0', '0', '0', '53']
INFO:root:diff is:	0:00:00
INFO:root:Previous Row -->
INFO:root:['2019-03-26 11:29:33', '35046', '31834', '10043', '8291', '6865', '11051', '6640', '3081', '100', '50', '50', '0']
INFO:root:Actual Row -->
INFO:root:['2019-03-26 11:29:34', '137313', '69239', '18158', '4713', '5465', '1829', '863', '618', '97', '44', '56', '0']
INFO:root:diff is:	0:00:01
INFO:root:1 second difference -->
INFO:root:['2019-03-26 11:29:33', '35046', '31834', '10043', '8291', '6865', '11051', '6640', '3081', '100', '50', '50', '0']
INFO:root:Previous Row -->
INFO:root:['2019-03-26 11:29:34', '137313', '69239', '18158', '4713', '5465', '1829', '863', '618', '97', '44', '56', '0']
INFO:root:Actual Row -->
INFO:root:['2019-03-26 11:29:35', '97486', '28789', '8353', '8336', '12621', '14335', '19333', '12092', '97', '43', '57', '0']
INFO:root:diff is:	0:00:01
INFO:root:1 second difference -->
INFO:root:['2019-03-26 11:29:34', '137313', '69239', '18158', '4713', '5465', '1829', '863', '618', '97', '44', '56', '0']
INFO:root:Previous Row -->
INFO:root:['2019-03-26 11:29:35', '97486', '28789', '8353', '8336', '12621', '14335', '19333', '12092', '97', '43', '57', '0']
INFO:root:Actual Row -->
INFO:root:['2019-03-26 11:29:36', '908422', '54927', '41522', '12810', '3507', '4702', '10320', '7669', '83', '56', '44', '0']
INFO:root:diff is:	0:00:01
INFO:root:1 second difference -->
INFO:root:['2019-03-26 11:29:35', '97486', '28789', '8353', '8336', '12621', '14335', '19333', '12092', '97', '43', '57', '0']
INFO:root:Previous Row -->
INFO:root:['2019-03-26 11:29:36', '908422', '54927', '41522', '12810', '3507', '4702', '10320', '7669', '83', '56', '44', '0']
INFO:root:Actual Row -->
INFO:root:['2019-03-26 11:29:37', '597478', '40208', '13165', '15533', '6402', '6140', '11113', '1368', '77', '61', '39', '0']
INFO:root:diff is:	0:00:01
INFO:root:1 second difference -->
INFO:root:['2019-03-26 11:29:36', '908422', '54927', '41522', '12810', '3507', '4702', '10320', '7669', '83', '56', '44', '0']
INFO:root:Previous Row -->
INFO:root:['2019-03-26 11:29:37', '597478', '40208', '13165', '15533', '6402', '6140', '11113', '1368', '77', '61', '39', '0']
INFO:root:Actual Row -->
INFO:root:['2019-03-26 11:29:38', '822877', '123442', '2029', '10468', '10828', '9596', '5467', '4600', '83', '53', '47', '0']
INFO:root:diff is:	0:00:01
INFO:root:1 second difference -->
INFO:root:['2019-03-26 11:29:37', '597478', '40208', '13165', '15533', '6402', '6140', '11113', '1368', '77', '61', '39', '0']
INFO:root:Previous Row -->
INFO:root:['2019-03-26 11:29:38', '822877', '123442', '2029', '10468', '10828', '9596', '5467', '4600', '83', '53', '47', '0']
INFO:root:Actual Row -->
INFO:root:['2019-03-26 11:29:39', '292701', '19523', '6961', '8563', '2865', '4427', '3698', '702', '78', '56', '44', '0']
INFO:root:diff is:	0:00:01
INFO:root:1 second difference -->
INFO:root:['2019-03-26 11:29:38', '822877', '123442', '2029', '10468', '10828', '9596', '5467', '4600', '83', '53', '47', '0']
INFO:root:Previous Row -->
INFO:root:['2019-03-26 11:29:39', '292701', '19523', '6961', '8563', '2865', '4427', '3698', '702', '78', '56', '44', '0']
INFO:root:Actual Row -->
INFO:root:['2019-03-26 11:29:39', '0', '0', '0', '0', '0', '0', '0', '0', '0', '0', '0', '31']
INFO:root:diff is:	0:00:00
INFO:root:Previous Row -->
INFO:root:['2019-03-26 11:29:39', '292701', '19523', '6961', '8563', '2865', '4427', '3698', '702', '78', '56', '44', '0']
INFO:root:Actual Row -->
INFO:root:['2019-03-26 11:29:40', '373436', '64239', '29866', '5647', '15418', '7575', '5301', '5117', '81', '51', '49', '0']
INFO:root:diff is:	0:00:01
INFO:root:1 second difference -->
INFO:root:['2019-03-26 11:29:39', '292701', '19523', '6961', '8563', '2865', '4427', '3698', '702', '78', '56', '44', '0']
INFO:root:Previous Row -->
INFO:root:['2019-03-26 11:29:40', '373436', '64239', '29866', '5647', '15418', '7575', '5301', '5117', '81', '51', '49', '0']
INFO:root:Actual Row -->
INFO:root:['2019-03-26 11:29:41', '942190', '19886', '34046', '26110', '19652', '8756', '8191', '4780', '83', '56', '44', '0']
INFO:root:diff is:	0:00:01
INFO:root:1 second difference -->
INFO:root:['2019-03-26 11:29:40', '373436', '64239', '29866', '5647', '15418', '7575', '5301', '5117', '81', '51', '49', '0']
INFO:root:Previous Row -->
INFO:root:['2019-03-26 11:29:41', '942190', '19886', '34046', '26110', '19652', '8756', '8191', '4780', '83', '56', '44', '0']
INFO:root:Actual Row -->
INFO:root:['2019-03-26 11:29:41', '0', '0', '0', '0', '0', '0', '0', '0', '0', '0', '0', '65']
INFO:root:diff is:	0:00:00
INFO:root:Previous Row -->
INFO:root:['2019-03-26 11:29:41', '942190', '19886', '34046', '26110', '19652', '8756', '8191', '4780', '83', '56', '44', '0']
INFO:root:Actual Row -->
INFO:root:['2019-03-26 11:29:42', '940677', '1327661', '321672', '174936', '33374', '52914', '30893', '12169', '78', '66', '34', '0']
INFO:root:diff is:	0:00:01
INFO:root:1 second difference -->
INFO:root:['2019-03-26 11:29:41', '942190', '19886', '34046', '26110', '19652', '8756', '8191', '4780', '83', '56', '44', '0']
INFO:root:Previous Row -->
INFO:root:['2019-03-26 11:29:42', '940677', '1327661', '321672', '174936', '33374', '52914', '30893', '12169', '78', '66', '34', '0']
INFO:root:Actual Row -->
INFO:root:['2019-03-26 11:29:43', '528950', '11530', '1656', '7501', '3308', '5155', '4641', '12400', '83', '64', '36', '0']
INFO:root:diff is:	0:00:01
INFO:root:1 second difference -->
INFO:root:['2019-03-26 11:29:42', '940677', '1327661', '321672', '174936', '33374', '52914', '30893', '12169', '78', '66', '34', '0']
INFO:root:Previous Row -->
INFO:root:['2019-03-26 11:29:43', '528950', '11530', '1656', '7501', '3308', '5155', '4641', '12400', '83', '64', '36', '0']
INFO:root:Actual Row -->
INFO:root:['2019-03-26 11:29:44', '431538', '43507', '10993', '5593', '21878', '21127', '27670', '5994', '93', '60', '40', '0']
INFO:root:diff is:	0:00:01
INFO:root:1 second difference -->
INFO:root:['2019-03-26 11:29:43', '528950', '11530', '1656', '7501', '3308', '5155', '4641', '12400', '83', '64', '36', '0']
INFO:root:Previous Row -->
INFO:root:['2019-03-26 11:29:44', '431538', '43507', '10993', '5593', '21878', '21127', '27670', '5994', '93', '60', '40', '0']
INFO:root:Actual Row -->
INFO:root:['2019-03-26 11:29:44', '0', '0', '0', '0', '0', '0', '0', '0', '0', '0', '0', '46']
INFO:root:diff is:	0:00:00
INFO:root:Previous Row -->
INFO:root:['2019-03-26 11:29:44', '431538', '43507', '10993', '5593', '21878', '21127', '27670', '5994', '93', '60', '40', '0']
INFO:root:Actual Row -->
INFO:root:['2019-03-26 11:29:45', '210009', '196894', '54746', '18626', '39013', '8393', '14772', '3800', '84', '51', '49', '0']
INFO:root:diff is:	0:00:01
INFO:root:1 second difference -->
INFO:root:['2019-03-26 11:29:44', '431538', '43507', '10993', '5593', '21878', '21127', '27670', '5994', '93', '60', '40', '0']
INFO:root:Previous Row -->
INFO:root:['2019-03-26 11:29:45', '210009', '196894', '54746', '18626', '39013', '8393', '14772', '3800', '84', '51', '49', '0']
INFO:root:Actual Row -->
INFO:root:['2019-03-26 11:29:46', '382911', '14391', '2775', '8103', '3092', '6788', '7976', '2632', '100', '51', '49', '0']
INFO:root:diff is:	0:00:01
INFO:root:1 second difference -->
INFO:root:['2019-03-26 11:29:45', '210009', '196894', '54746', '18626', '39013', '8393', '14772', '3800', '84', '51', '49', '0']
INFO:root:Previous Row -->
INFO:root:['2019-03-26 11:29:46', '382911', '14391', '2775', '8103', '3092', '6788', '7976', '2632', '100', '51', '49', '0']
INFO:root:Actual Row -->
INFO:root:['2019-03-26 11:29:47', '50303', '30839', '3272', '7364', '5411', '4045', '4918', '1424', '93', '48', '52', '0']
INFO:root:diff is:	0:00:01
INFO:root:1 second difference -->
INFO:root:['2019-03-26 11:29:46', '382911', '14391', '2775', '8103', '3092', '6788', '7976', '2632', '100', '51', '49', '0']
INFO:root:Previous Row -->
INFO:root:['2019-03-26 11:29:47', '50303', '30839', '3272', '7364', '5411', '4045', '4918', '1424', '93', '48', '52', '0']
INFO:root:Actual Row -->
INFO:root:['2019-03-26 11:29:48', '15522', '15500', '11314', '3662', '14048', '5295', '8632', '2098', '88', '53', '47', '0']
INFO:root:diff is:	0:00:01
INFO:root:1 second difference -->
INFO:root:['2019-03-26 11:29:47', '50303', '30839', '3272', '7364', '5411', '4045', '4918', '1424', '93', '48', '52', '0']
INFO:root:Previous Row -->
INFO:root:['2019-03-26 11:29:48', '15522', '15500', '11314', '3662', '14048', '5295', '8632', '2098', '88', '53', '47', '0']
INFO:root:Actual Row -->
INFO:root:['2019-03-26 11:29:49', '25289', '21101', '13211', '4233', '8287', '11185', '2890', '3436', '100', '54', '46', '0']
INFO:root:diff is:	0:00:01
INFO:root:1 second difference -->
INFO:root:['2019-03-26 11:29:48', '15522', '15500', '11314', '3662', '14048', '5295', '8632', '2098', '88', '53', '47', '0']
INFO:root:Last Row -->
INFO:root:['2019-03-26 11:29:49', '25289', '21101', '13211', '4233', '8287', '11185', '2890', '3436', '100', '54', '46', '0', 0]
INFO:root:End of EEG data normalization
INFO:root:Starting Facial Expression data normalization
INFO:root:Start Date of Video Recording is:	2019-03-26 11:28:49
INFO:root:End Date of Video Recording is:	2019-03-26 11:29:47
INFO:root:Total number of rows:	67
INFO:root:HEADER -->
INFO:root:['DATETIME', 'Angry', 'Disgusted', 'Fearful', 'Happy', 'Sad', 'Surprised', 'Neutral', 'Flag']
INFO:root:Previous Row -->
INFO:root:[]
INFO:root:Actual Row -->
INFO:root:['DATETIME', 'Angry', 'Disgusted', 'Fearful', 'Happy', 'Sad', 'Surprised', 'Neutral', 'Flag']
INFO:root:FIRST ROW -->
INFO:root:['2019-03-26 11:28:38', '76.30', '0.06', '0.69', '1.72', '19.99', '0.06', '1.18']
INFO:root:Previous Row -->
INFO:root:['2019-03-26 11:28:38', '76.30', '0.06', '0.69', '1.72', '19.99', '0.06', '1.18']
INFO:root:Actual Row -->
INFO:root:['2019-03-26 11:28:38', '76.30', '0.06', '0.69', '1.72', '19.99', '0.06', '1.18']
INFO:root:diff is:	0:00:00
INFO:root:Previous Row -->
INFO:root:['2019-03-26 11:28:38', '76.30', '0.06', '0.69', '1.72', '19.99', '0.06', '1.18']
INFO:root:Actual Row -->
INFO:root:['2019-03-26 11:28:39', '49.04', '0.09', '0.72', '10.07', '38.35', '0.03', '1.69']
INFO:root:diff is:	0:00:01
INFO:root:1 second difference -->
INFO:root:['2019-03-26 11:28:38', '76.30', '0.06', '0.69', '1.72', '19.99', '0.06', '1.18']
INFO:root:Previous Row -->
INFO:root:['2019-03-26 11:28:39', '49.04', '0.09', '0.72', '10.07', '38.35', '0.03', '1.69']
INFO:root:Actual Row -->
INFO:root:['2019-03-26 11:28:40', '77.59', '0.22', '2.44', '5.84', '8.21', '0.41', '5.28']
INFO:root:diff is:	0:00:01
INFO:root:1 second difference -->
INFO:root:['2019-03-26 11:28:39', '49.04', '0.09', '0.72', '10.07', '38.35', '0.03', '1.69']
INFO:root:Previous Row -->
INFO:root:['2019-03-26 11:28:40', '77.59', '0.22', '2.44', '5.84', '8.21', '0.41', '5.28']
INFO:root:Actual Row -->
INFO:root:['2019-03-26 11:28:42', '65.98', '0.21', '2.24', '16.64', '3.36', '0.63', '10.94']
INFO:root:diff is:	0:00:02
INFO:root:Diff between Datetime > 1
INFO:root:['2019-03-26 11:28:40', '77.59', '0.22', '2.44', '5.84', '8.21', '0.41', '5.28']
INFO:root:Previous Row -->
INFO:root:['2019-03-26 11:28:42', '65.98', '0.21', '2.24', '16.64', '3.36', '0.63', '10.94']
INFO:root:Actual Row -->
INFO:root:['2019-03-26 11:28:43', '86.41', '0.10', '2.39', '2.01', '2.41', '0.13', '6.54']
INFO:root:diff is:	0:00:01
INFO:root:1 second difference -->
INFO:root:['2019-03-26 11:28:42', '65.98', '0.21', '2.24', '16.64', '3.36', '0.63', '10.94']
INFO:root:Previous Row -->
INFO:root:['2019-03-26 11:28:43', '86.41', '0.10', '2.39', '2.01', '2.41', '0.13', '6.54']
INFO:root:Actual Row -->
INFO:root:['2019-03-26 11:28:44', '86.56', '0.08', '1.38', '0.73', '8.43', '0.07', '2.75']
INFO:root:diff is:	0:00:01
INFO:root:1 second difference -->
INFO:root:['2019-03-26 11:28:43', '86.41', '0.10', '2.39', '2.01', '2.41', '0.13', '6.54']
INFO:root:Previous Row -->
INFO:root:['2019-03-26 11:28:44', '86.56', '0.08', '1.38', '0.73', '8.43', '0.07', '2.75']
INFO:root:Actual Row -->
INFO:root:['2019-03-26 11:28:45', '87.61', '0.06', '1.00', '0.46', '9.14', '0.05', '1.68']
INFO:root:diff is:	0:00:01
INFO:root:1 second difference -->
INFO:root:['2019-03-26 11:28:44', '86.56', '0.08', '1.38', '0.73', '8.43', '0.07', '2.75']
INFO:root:Previous Row -->
INFO:root:['2019-03-26 11:28:45', '87.61', '0.06', '1.00', '0.46', '9.14', '0.05', '1.68']
INFO:root:Actual Row -->
INFO:root:['2019-03-26 11:28:46', '59.38', '0.03', '0.24', '23.23', '16.49', '0.04', '0.59']
INFO:root:diff is:	0:00:01
INFO:root:1 second difference -->
INFO:root:['2019-03-26 11:28:45', '87.61', '0.06', '1.00', '0.46', '9.14', '0.05', '1.68']
INFO:root:Previous Row -->
INFO:root:['2019-03-26 11:28:46', '59.38', '0.03', '0.24', '23.23', '16.49', '0.04', '0.59']
INFO:root:Actual Row -->
INFO:root:['2019-03-26 11:28:47', '10.65', '0.03', '0.26', '8.60', '80.04', '0.04', '0.37']
INFO:root:diff is:	0:00:01
INFO:root:1 second difference -->
INFO:root:['2019-03-26 11:28:46', '59.38', '0.03', '0.24', '23.23', '16.49', '0.04', '0.59']
INFO:root:Previous Row -->
INFO:root:['2019-03-26 11:28:47', '10.65', '0.03', '0.26', '8.60', '80.04', '0.04', '0.37']
INFO:root:Actual Row -->
INFO:root:['2019-03-26 11:28:48', '93.38', '0.01', '0.26', '3.34', '1.41', '0.02', '1.58']
INFO:root:diff is:	0:00:01
INFO:root:1 second difference -->
INFO:root:['2019-03-26 11:28:47', '10.65', '0.03', '0.26', '8.60', '80.04', '0.04', '0.37']
INFO:root:Previous Row -->
INFO:root:['2019-03-26 11:28:48', '93.38', '0.01', '0.26', '3.34', '1.41', '0.02', '1.58']
INFO:root:Actual Row -->
INFO:root:['2019-03-26 11:28:49', '22.05', '0.06', '0.56', '2.18', '73.74', '0.03', '1.39']
INFO:root:diff is:	0:00:01
INFO:root:1 second difference -->
INFO:root:['2019-03-26 11:28:48', '93.38', '0.01', '0.26', '3.34', '1.41', '0.02', '1.58']
INFO:root:Previous Row -->
INFO:root:['2019-03-26 11:28:49', '22.05', '0.06', '0.56', '2.18', '73.74', '0.03', '1.39']
INFO:root:Actual Row -->
INFO:root:['2019-03-26 11:28:50', '13.33', '0.07', '0.65', '1.13', '70.21', '0.01', '14.60']
INFO:root:diff is:	0:00:01
INFO:root:1 second difference -->
INFO:root:['2019-03-26 11:28:49', '22.05', '0.06', '0.56', '2.18', '73.74', '0.03', '1.39']
INFO:root:Previous Row -->
INFO:root:['2019-03-26 11:28:50', '13.33', '0.07', '0.65', '1.13', '70.21', '0.01', '14.60']
INFO:root:Actual Row -->
INFO:root:['2019-03-26 11:28:51', '86.51', '0.01', '0.47', '1.02', '11.11', '0.02', '0.86']
INFO:root:diff is:	0:00:01
INFO:root:1 second difference -->
INFO:root:['2019-03-26 11:28:50', '13.33', '0.07', '0.65', '1.13', '70.21', '0.01', '14.60']
INFO:root:Previous Row -->
INFO:root:['2019-03-26 11:28:51', '86.51', '0.01', '0.47', '1.02', '11.11', '0.02', '0.86']
INFO:root:Actual Row -->
INFO:root:['2019-03-26 11:28:52', '3.35', '0.01', '1.38', '15.75', '78.03', '0.02', '1.45']
INFO:root:diff is:	0:00:01
INFO:root:1 second difference -->
INFO:root:['2019-03-26 11:28:51', '86.51', '0.01', '0.47', '1.02', '11.11', '0.02', '0.86']
INFO:root:Previous Row -->
INFO:root:['2019-03-26 11:28:52', '3.35', '0.01', '1.38', '15.75', '78.03', '0.02', '1.45']
INFO:root:Actual Row -->
INFO:root:['2019-03-26 11:28:53', '69.54', '0.03', '0.77', '14.18', '14.76', '0.04', '0.69']
INFO:root:diff is:	0:00:01
INFO:root:1 second difference -->
INFO:root:['2019-03-26 11:28:52', '3.35', '0.01', '1.38', '15.75', '78.03', '0.02', '1.45']
INFO:root:Previous Row -->
INFO:root:['2019-03-26 11:28:53', '69.54', '0.03', '0.77', '14.18', '14.76', '0.04', '0.69']
INFO:root:Actual Row -->
INFO:root:['2019-03-26 11:28:54', '67.54', '0.03', '1.72', '3.60', '26.29', '0.03', '0.78']
INFO:root:diff is:	0:00:01
INFO:root:1 second difference -->
INFO:root:['2019-03-26 11:28:53', '69.54', '0.03', '0.77', '14.18', '14.76', '0.04', '0.69']
INFO:root:Previous Row -->
INFO:root:['2019-03-26 11:28:54', '67.54', '0.03', '1.72', '3.60', '26.29', '0.03', '0.78']
INFO:root:Actual Row -->
INFO:root:['2019-03-26 11:28:55', '63.51', '0.12', '1.34', '9.25', '8.24', '0.08', '17.46']
INFO:root:diff is:	0:00:01
INFO:root:1 second difference -->
INFO:root:['2019-03-26 11:28:54', '67.54', '0.03', '1.72', '3.60', '26.29', '0.03', '0.78']
INFO:root:Previous Row -->
INFO:root:['2019-03-26 11:28:55', '63.51', '0.12', '1.34', '9.25', '8.24', '0.08', '17.46']
INFO:root:Actual Row -->
INFO:root:['2019-03-26 11:28:56', '0.40', '0.02', '0.08', '0.62', '95.81', '0.00', '3.07']
INFO:root:diff is:	0:00:01
INFO:root:1 second difference -->
INFO:root:['2019-03-26 11:28:55', '63.51', '0.12', '1.34', '9.25', '8.24', '0.08', '17.46']
INFO:root:Previous Row -->
INFO:root:['2019-03-26 11:28:56', '0.40', '0.02', '0.08', '0.62', '95.81', '0.00', '3.07']
INFO:root:Actual Row -->
INFO:root:['2019-03-26 11:28:57', '0.54', '0.00', '0.08', '0.85', '98.29', '0.00', '0.23']
INFO:root:diff is:	0:00:01
INFO:root:1 second difference -->
INFO:root:['2019-03-26 11:28:56', '0.40', '0.02', '0.08', '0.62', '95.81', '0.00', '3.07']
INFO:root:Previous Row -->
INFO:root:['2019-03-26 11:28:57', '0.54', '0.00', '0.08', '0.85', '98.29', '0.00', '0.23']
INFO:root:Actual Row -->
INFO:root:['2019-03-26 11:28:58', '2.13', '0.04', '0.07', '2.71', '59.21', '0.02', '35.81']
INFO:root:diff is:	0:00:01
INFO:root:1 second difference -->
INFO:root:['2019-03-26 11:28:57', '0.54', '0.00', '0.08', '0.85', '98.29', '0.00', '0.23']
INFO:root:Previous Row -->
INFO:root:['2019-03-26 11:28:58', '2.13', '0.04', '0.07', '2.71', '59.21', '0.02', '35.81']
INFO:root:Actual Row -->
INFO:root:['2019-03-26 11:28:59', '1.41', '0.05', '0.08', '2.42', '26.55', '0.01', '69.48']
INFO:root:diff is:	0:00:01
INFO:root:1 second difference -->
INFO:root:['2019-03-26 11:28:58', '2.13', '0.04', '0.07', '2.71', '59.21', '0.02', '35.81']
INFO:root:Previous Row -->
INFO:root:['2019-03-26 11:28:59', '1.41', '0.05', '0.08', '2.42', '26.55', '0.01', '69.48']
INFO:root:Actual Row -->
INFO:root:['2019-03-26 11:29:00', '1.29', '0.03', '0.05', '4.41', '38.40', '0.01', '55.81']
INFO:root:diff is:	0:00:01
INFO:root:1 second difference -->
INFO:root:['2019-03-26 11:28:59', '1.41', '0.05', '0.08', '2.42', '26.55', '0.01', '69.48']
INFO:root:Previous Row -->
INFO:root:['2019-03-26 11:29:00', '1.29', '0.03', '0.05', '4.41', '38.40', '0.01', '55.81']
INFO:root:Actual Row -->
INFO:root:['2019-03-26 11:29:02', '1.71', '0.03', '0.27', '2.29', '13.89', '0.01', '81.80']
INFO:root:diff is:	0:00:02
INFO:root:Diff between Datetime > 1
INFO:root:['2019-03-26 11:29:00', '1.29', '0.03', '0.05', '4.41', '38.40', '0.01', '55.81']
INFO:root:Previous Row -->
INFO:root:['2019-03-26 11:29:02', '1.71', '0.03', '0.27', '2.29', '13.89', '0.01', '81.80']
INFO:root:Actual Row -->
INFO:root:['2019-03-26 11:29:03', '52.30', '0.69', '6.03', '0.74', '8.88', '1.01', '30.35']
INFO:root:diff is:	0:00:01
INFO:root:1 second difference -->
INFO:root:['2019-03-26 11:29:02', '1.71', '0.03', '0.27', '2.29', '13.89', '0.01', '81.80']
INFO:root:Previous Row -->
INFO:root:['2019-03-26 11:29:03', '52.30', '0.69', '6.03', '0.74', '8.88', '1.01', '30.35']
INFO:root:Actual Row -->
INFO:root:['2019-03-26 11:29:04', '28.16', '0.16', '0.60', '4.81', '11.10', '0.15', '55.02']
INFO:root:diff is:	0:00:01
INFO:root:1 second difference -->
INFO:root:['2019-03-26 11:29:03', '52.30', '0.69', '6.03', '0.74', '8.88', '1.01', '30.35']
INFO:root:Previous Row -->
INFO:root:['2019-03-26 11:29:04', '28.16', '0.16', '0.60', '4.81', '11.10', '0.15', '55.02']
INFO:root:Actual Row -->
INFO:root:['2019-03-26 11:29:05', '31.50', '0.38', '0.52', '1.28', '19.70', '0.06', '46.56']
INFO:root:diff is:	0:00:01
INFO:root:1 second difference -->
INFO:root:['2019-03-26 11:29:04', '28.16', '0.16', '0.60', '4.81', '11.10', '0.15', '55.02']
INFO:root:Previous Row -->
INFO:root:['2019-03-26 11:29:05', '31.50', '0.38', '0.52', '1.28', '19.70', '0.06', '46.56']
INFO:root:Actual Row -->
INFO:root:['2019-03-26 11:29:06', '22.19', '0.13', '0.11', '0.48', '71.70', '0.01', '5.37']
INFO:root:diff is:	0:00:01
INFO:root:1 second difference -->
INFO:root:['2019-03-26 11:29:05', '31.50', '0.38', '0.52', '1.28', '19.70', '0.06', '46.56']
INFO:root:Previous Row -->
INFO:root:['2019-03-26 11:29:06', '22.19', '0.13', '0.11', '0.48', '71.70', '0.01', '5.37']
INFO:root:Actual Row -->
INFO:root:['2019-03-26 11:29:07', '7.50', '0.07', '0.59', '8.96', '3.30', '0.14', '79.45']
INFO:root:diff is:	0:00:01
INFO:root:1 second difference -->
INFO:root:['2019-03-26 11:29:06', '22.19', '0.13', '0.11', '0.48', '71.70', '0.01', '5.37']
INFO:root:Previous Row -->
INFO:root:['2019-03-26 11:29:07', '7.50', '0.07', '0.59', '8.96', '3.30', '0.14', '79.45']
INFO:root:Actual Row -->
INFO:root:['2019-03-26 11:29:08', '5.39', '0.11', '0.26', '20.16', '27.37', '0.02', '46.69']
INFO:root:diff is:	0:00:01
INFO:root:1 second difference -->
INFO:root:['2019-03-26 11:29:07', '7.50', '0.07', '0.59', '8.96', '3.30', '0.14', '79.45']
INFO:root:Previous Row -->
INFO:root:['2019-03-26 11:29:08', '5.39', '0.11', '0.26', '20.16', '27.37', '0.02', '46.69']
INFO:root:Actual Row -->
INFO:root:['2019-03-26 11:29:09', '16.90', '0.13', '0.55', '8.07', '13.17', '0.06', '61.11']
INFO:root:diff is:	0:00:01
INFO:root:1 second difference -->
INFO:root:['2019-03-26 11:29:08', '5.39', '0.11', '0.26', '20.16', '27.37', '0.02', '46.69']
INFO:root:Previous Row -->
INFO:root:['2019-03-26 11:29:09', '16.90', '0.13', '0.55', '8.07', '13.17', '0.06', '61.11']
INFO:root:Actual Row -->
INFO:root:['2019-03-26 11:29:10', '76.87', '0.18', '0.09', '1.06', '13.56', '0.02', '8.21']
INFO:root:diff is:	0:00:01
INFO:root:1 second difference -->
INFO:root:['2019-03-26 11:29:09', '16.90', '0.13', '0.55', '8.07', '13.17', '0.06', '61.11']
INFO:root:Previous Row -->
INFO:root:['2019-03-26 11:29:10', '76.87', '0.18', '0.09', '1.06', '13.56', '0.02', '8.21']
INFO:root:Actual Row -->
INFO:root:['2019-03-26 11:29:11', '0.83', '0.00', '0.17', '1.10', '2.31', '0.01', '95.58']
INFO:root:diff is:	0:00:01
INFO:root:1 second difference -->
INFO:root:['2019-03-26 11:29:10', '76.87', '0.18', '0.09', '1.06', '13.56', '0.02', '8.21']
INFO:root:Previous Row -->
INFO:root:['2019-03-26 11:29:11', '0.83', '0.00', '0.17', '1.10', '2.31', '0.01', '95.58']
INFO:root:Actual Row -->
INFO:root:['2019-03-26 11:29:12', '22.12', '0.05', '2.78', '0.66', '0.41', '0.05', '73.91']
INFO:root:diff is:	0:00:01
INFO:root:1 second difference -->
INFO:root:['2019-03-26 11:29:11', '0.83', '0.00', '0.17', '1.10', '2.31', '0.01', '95.58']
INFO:root:Previous Row -->
INFO:root:['2019-03-26 11:29:12', '22.12', '0.05', '2.78', '0.66', '0.41', '0.05', '73.91']
INFO:root:Actual Row -->
INFO:root:['2019-03-26 11:29:13', '37.20', '0.08', '1.46', '0.73', '6.78', '0.14', '53.63']
INFO:root:diff is:	0:00:01
INFO:root:1 second difference -->
INFO:root:['2019-03-26 11:29:12', '22.12', '0.05', '2.78', '0.66', '0.41', '0.05', '73.91']
INFO:root:Previous Row -->
INFO:root:['2019-03-26 11:29:13', '37.20', '0.08', '1.46', '0.73', '6.78', '0.14', '53.63']
INFO:root:Actual Row -->
INFO:root:['2019-03-26 11:29:14', '9.29', '0.02', '0.37', '0.61', '0.58', '0.40', '88.75']
INFO:root:diff is:	0:00:01
INFO:root:1 second difference -->
INFO:root:['2019-03-26 11:29:13', '37.20', '0.08', '1.46', '0.73', '6.78', '0.14', '53.63']
INFO:root:Previous Row -->
INFO:root:['2019-03-26 11:29:14', '9.29', '0.02', '0.37', '0.61', '0.58', '0.40', '88.75']
INFO:root:Actual Row -->
INFO:root:['2019-03-26 11:29:15', '2.49', '0.02', '0.05', '1.11', '10.71', '0.02', '85.59']
INFO:root:diff is:	0:00:01
INFO:root:1 second difference -->
INFO:root:['2019-03-26 11:29:14', '9.29', '0.02', '0.37', '0.61', '0.58', '0.40', '88.75']
INFO:root:Previous Row -->
INFO:root:['2019-03-26 11:29:15', '2.49', '0.02', '0.05', '1.11', '10.71', '0.02', '85.59']
INFO:root:Actual Row -->
INFO:root:['2019-03-26 11:29:16', '49.48', '0.02', '0.22', '0.22', '7.36', '0.02', '42.69']
INFO:root:diff is:	0:00:01
INFO:root:1 second difference -->
INFO:root:['2019-03-26 11:29:15', '2.49', '0.02', '0.05', '1.11', '10.71', '0.02', '85.59']
INFO:root:Previous Row -->
INFO:root:['2019-03-26 11:29:16', '49.48', '0.02', '0.22', '0.22', '7.36', '0.02', '42.69']
INFO:root:Actual Row -->
INFO:root:['2019-03-26 11:29:17', '41.16', '0.05', '0.28', '1.31', '8.63', '0.03', '48.53']
INFO:root:diff is:	0:00:01
INFO:root:1 second difference -->
INFO:root:['2019-03-26 11:29:16', '49.48', '0.02', '0.22', '0.22', '7.36', '0.02', '42.69']
INFO:root:Previous Row -->
INFO:root:['2019-03-26 11:29:17', '41.16', '0.05', '0.28', '1.31', '8.63', '0.03', '48.53']
INFO:root:Actual Row -->
INFO:root:['2019-03-26 11:29:18', '53.37', '0.10', '0.31', '7.68', '8.82', '0.02', '29.69']
INFO:root:diff is:	0:00:01
INFO:root:1 second difference -->
INFO:root:['2019-03-26 11:29:17', '41.16', '0.05', '0.28', '1.31', '8.63', '0.03', '48.53']
INFO:root:Previous Row -->
INFO:root:['2019-03-26 11:29:18', '53.37', '0.10', '0.31', '7.68', '8.82', '0.02', '29.69']
INFO:root:Actual Row -->
INFO:root:['2019-03-26 11:29:20', '6.56', '0.03', '0.24', '0.56', '4.95', '0.01', '87.66']
INFO:root:diff is:	0:00:02
INFO:root:Diff between Datetime > 1
INFO:root:['2019-03-26 11:29:18', '53.37', '0.10', '0.31', '7.68', '8.82', '0.02', '29.69']
INFO:root:Previous Row -->
INFO:root:['2019-03-26 11:29:20', '6.56', '0.03', '0.24', '0.56', '4.95', '0.01', '87.66']
INFO:root:Actual Row -->
INFO:root:['2019-03-26 11:29:21', '16.56', '0.05', '0.31', '3.58', '1.71', '0.02', '77.76']
INFO:root:diff is:	0:00:01
INFO:root:1 second difference -->
INFO:root:['2019-03-26 11:29:20', '6.56', '0.03', '0.24', '0.56', '4.95', '0.01', '87.66']
INFO:root:Previous Row -->
INFO:root:['2019-03-26 11:29:21', '16.56', '0.05', '0.31', '3.58', '1.71', '0.02', '77.76']
INFO:root:Actual Row -->
INFO:root:['2019-03-26 11:29:22', '43.48', '0.06', '0.26', '0.49', '1.21', '0.06', '54.43']
INFO:root:diff is:	0:00:01
INFO:root:1 second difference -->
INFO:root:['2019-03-26 11:29:21', '16.56', '0.05', '0.31', '3.58', '1.71', '0.02', '77.76']
INFO:root:Previous Row -->
INFO:root:['2019-03-26 11:29:22', '43.48', '0.06', '0.26', '0.49', '1.21', '0.06', '54.43']
INFO:root:Actual Row -->
INFO:root:['2019-03-26 11:29:23', '71.73', '0.14', '2.17', '19.38', '1.58', '0.30', '4.69']
INFO:root:diff is:	0:00:01
INFO:root:1 second difference -->
INFO:root:['2019-03-26 11:29:22', '43.48', '0.06', '0.26', '0.49', '1.21', '0.06', '54.43']
INFO:root:Previous Row -->
INFO:root:['2019-03-26 11:29:23', '71.73', '0.14', '2.17', '19.38', '1.58', '0.30', '4.69']
INFO:root:Actual Row -->
INFO:root:['2019-03-26 11:29:24', '3.68', '0.02', '0.09', '1.55', '0.87', '0.01', '93.77']
INFO:root:diff is:	0:00:01
INFO:root:1 second difference -->
INFO:root:['2019-03-26 11:29:23', '71.73', '0.14', '2.17', '19.38', '1.58', '0.30', '4.69']
INFO:root:Previous Row -->
INFO:root:['2019-03-26 11:29:24', '3.68', '0.02', '0.09', '1.55', '0.87', '0.01', '93.77']
INFO:root:Actual Row -->
INFO:root:['2019-03-26 11:29:25', '45.24', '0.06', '0.12', '2.99', '1.19', '0.03', '50.37']
INFO:root:diff is:	0:00:01
INFO:root:1 second difference -->
INFO:root:['2019-03-26 11:29:24', '3.68', '0.02', '0.09', '1.55', '0.87', '0.01', '93.77']
INFO:root:Previous Row -->
INFO:root:['2019-03-26 11:29:25', '45.24', '0.06', '0.12', '2.99', '1.19', '0.03', '50.37']
INFO:root:Actual Row -->
INFO:root:['2019-03-26 11:29:26', '10.76', '0.03', '0.07', '1.82', '5.92', '0.01', '81.39']
INFO:root:diff is:	0:00:01
INFO:root:1 second difference -->
INFO:root:['2019-03-26 11:29:25', '45.24', '0.06', '0.12', '2.99', '1.19', '0.03', '50.37']
INFO:root:Previous Row -->
INFO:root:['2019-03-26 11:29:26', '10.76', '0.03', '0.07', '1.82', '5.92', '0.01', '81.39']
INFO:root:Actual Row -->
INFO:root:['2019-03-26 11:29:27', '6.30', '0.07', '0.07', '2.80', '75.07', '0.01', '15.68']
INFO:root:diff is:	0:00:01
INFO:root:1 second difference -->
INFO:root:['2019-03-26 11:29:26', '10.76', '0.03', '0.07', '1.82', '5.92', '0.01', '81.39']
INFO:root:Previous Row -->
INFO:root:['2019-03-26 11:29:27', '6.30', '0.07', '0.07', '2.80', '75.07', '0.01', '15.68']
INFO:root:Actual Row -->
INFO:root:['2019-03-26 11:29:28', '5.77', '0.13', '0.96', '2.36', '13.49', '0.08', '77.20']
INFO:root:diff is:	0:00:01
INFO:root:1 second difference -->
INFO:root:['2019-03-26 11:29:27', '6.30', '0.07', '0.07', '2.80', '75.07', '0.01', '15.68']
INFO:root:Previous Row -->
INFO:root:['2019-03-26 11:29:28', '5.77', '0.13', '0.96', '2.36', '13.49', '0.08', '77.20']
INFO:root:Actual Row -->
INFO:root:['2019-03-26 11:29:29', '43.48', '0.33', '0.38', '6.66', '33.11', '0.04', '16.00']
INFO:root:diff is:	0:00:01
INFO:root:1 second difference -->
INFO:root:['2019-03-26 11:29:28', '5.77', '0.13', '0.96', '2.36', '13.49', '0.08', '77.20']
INFO:root:Previous Row -->
INFO:root:['2019-03-26 11:29:29', '43.48', '0.33', '0.38', '6.66', '33.11', '0.04', '16.00']
INFO:root:Actual Row -->
INFO:root:['2019-03-26 11:29:30', '46.61', '0.74', '0.53', '24.47', '18.45', '0.09', '9.12']
INFO:root:diff is:	0:00:01
INFO:root:1 second difference -->
INFO:root:['2019-03-26 11:29:29', '43.48', '0.33', '0.38', '6.66', '33.11', '0.04', '16.00']
INFO:root:Previous Row -->
INFO:root:['2019-03-26 11:29:30', '46.61', '0.74', '0.53', '24.47', '18.45', '0.09', '9.12']
INFO:root:Actual Row -->
INFO:root:['2019-03-26 11:29:31', '86.68', '0.24', '2.99', '5.22', '0.95', '0.34', '3.58']
INFO:root:diff is:	0:00:01
INFO:root:1 second difference -->
INFO:root:['2019-03-26 11:29:30', '46.61', '0.74', '0.53', '24.47', '18.45', '0.09', '9.12']
INFO:root:Previous Row -->
INFO:root:['2019-03-26 11:29:31', '86.68', '0.24', '2.99', '5.22', '0.95', '0.34', '3.58']
INFO:root:Actual Row -->
INFO:root:['2019-03-26 11:29:32', '33.64', '0.59', '6.00', '44.10', '2.57', '1.65', '11.46']
INFO:root:diff is:	0:00:01
INFO:root:1 second difference -->
INFO:root:['2019-03-26 11:29:31', '86.68', '0.24', '2.99', '5.22', '0.95', '0.34', '3.58']
INFO:root:Previous Row -->
INFO:root:['2019-03-26 11:29:32', '33.64', '0.59', '6.00', '44.10', '2.57', '1.65', '11.46']
INFO:root:Actual Row -->
INFO:root:['2019-03-26 11:29:33', '14.15', '0.14', '6.69', '12.00', '3.51', '0.99', '62.51']
INFO:root:diff is:	0:00:01
INFO:root:1 second difference -->
INFO:root:['2019-03-26 11:29:32', '33.64', '0.59', '6.00', '44.10', '2.57', '1.65', '11.46']
INFO:root:Previous Row -->
INFO:root:['2019-03-26 11:29:33', '14.15', '0.14', '6.69', '12.00', '3.51', '0.99', '62.51']
INFO:root:Actual Row -->
INFO:root:['2019-03-26 11:29:34', '12.63', '0.23', '2.48', '1.34', '31.00', '0.22', '52.11']
INFO:root:diff is:	0:00:01
INFO:root:1 second difference -->
INFO:root:['2019-03-26 11:29:33', '14.15', '0.14', '6.69', '12.00', '3.51', '0.99', '62.51']
INFO:root:Previous Row -->
INFO:root:['2019-03-26 11:29:34', '12.63', '0.23', '2.48', '1.34', '31.00', '0.22', '52.11']
INFO:root:Actual Row -->
INFO:root:['2019-03-26 11:29:35', '9.97', '0.44', '14.89', '17.70', '4.90', '7.61', '44.49']
INFO:root:diff is:	0:00:01
INFO:root:1 second difference -->
INFO:root:['2019-03-26 11:29:34', '12.63', '0.23', '2.48', '1.34', '31.00', '0.22', '52.11']
INFO:root:Previous Row -->
INFO:root:['2019-03-26 11:29:35', '9.97', '0.44', '14.89', '17.70', '4.90', '7.61', '44.49']
INFO:root:Actual Row -->
INFO:root:['2019-03-26 11:29:36', '5.68', '0.08', '11.38', '54.69', '0.68', '1.93', '25.57']
INFO:root:diff is:	0:00:01
INFO:root:1 second difference -->
INFO:root:['2019-03-26 11:29:35', '9.97', '0.44', '14.89', '17.70', '4.90', '7.61', '44.49']
INFO:root:Previous Row -->
INFO:root:['2019-03-26 11:29:36', '5.68', '0.08', '11.38', '54.69', '0.68', '1.93', '25.57']
INFO:root:Actual Row -->
INFO:root:['2019-03-26 11:29:38', '14.05', '0.49', '4.18', '7.65', '52.68', '6.46', '14.49']
INFO:root:diff is:	0:00:02
INFO:root:Diff between Datetime > 1
INFO:root:['2019-03-26 11:29:36', '5.68', '0.08', '11.38', '54.69', '0.68', '1.93', '25.57']
INFO:root:Previous Row -->
INFO:root:['2019-03-26 11:29:38', '14.05', '0.49', '4.18', '7.65', '52.68', '6.46', '14.49']
INFO:root:Actual Row -->
INFO:root:['2019-03-26 11:29:39', '13.03', '0.30', '0.73', '16.20', '0.80', '10.73', '58.21']
INFO:root:diff is:	0:00:01
INFO:root:1 second difference -->
INFO:root:['2019-03-26 11:29:38', '14.05', '0.49', '4.18', '7.65', '52.68', '6.46', '14.49']
INFO:root:Previous Row -->
INFO:root:['2019-03-26 11:29:39', '13.03', '0.30', '0.73', '16.20', '0.80', '10.73', '58.21']
INFO:root:Actual Row -->
INFO:root:['2019-03-26 11:29:40', '69.35', '0.03', '0.15', '0.34', '9.50', '0.04', '20.60']
INFO:root:diff is:	0:00:01
INFO:root:1 second difference -->
INFO:root:['2019-03-26 11:29:39', '13.03', '0.30', '0.73', '16.20', '0.80', '10.73', '58.21']
INFO:root:Previous Row -->
INFO:root:['2019-03-26 11:29:40', '69.35', '0.03', '0.15', '0.34', '9.50', '0.04', '20.60']
INFO:root:Actual Row -->
INFO:root:['2019-03-26 11:29:41', '4.00', '0.06', '0.56', '0.49', '87.45', '0.02', '7.43']
INFO:root:diff is:	0:00:01
INFO:root:1 second difference -->
INFO:root:['2019-03-26 11:29:40', '69.35', '0.03', '0.15', '0.34', '9.50', '0.04', '20.60']
INFO:root:Previous Row -->
INFO:root:['2019-03-26 11:29:41', '4.00', '0.06', '0.56', '0.49', '87.45', '0.02', '7.43']
INFO:root:Actual Row -->
INFO:root:['2019-03-26 11:29:43', '1.12', '0.02', '0.84', '0.12', '69.50', '0.11', '28.29']
INFO:root:diff is:	0:00:02
INFO:root:Diff between Datetime > 1
INFO:root:['2019-03-26 11:29:41', '4.00', '0.06', '0.56', '0.49', '87.45', '0.02', '7.43']
INFO:root:Previous Row -->
INFO:root:['2019-03-26 11:29:43', '1.12', '0.02', '0.84', '0.12', '69.50', '0.11', '28.29']
INFO:root:Actual Row -->
INFO:root:['2019-03-26 11:29:44', '0.65', '0.00', '0.01', '2.84', '3.75', '0.00', '92.74']
INFO:root:diff is:	0:00:01
INFO:root:1 second difference -->
INFO:root:['2019-03-26 11:29:43', '1.12', '0.02', '0.84', '0.12', '69.50', '0.11', '28.29']
INFO:root:Previous Row -->
INFO:root:['2019-03-26 11:29:44', '0.65', '0.00', '0.01', '2.84', '3.75', '0.00', '92.74']
INFO:root:Actual Row -->
INFO:root:['2019-03-26 11:29:45', '4.07', '0.03', '0.45', '20.54', '46.94', '0.79', '27.17']
INFO:root:diff is:	0:00:01
INFO:root:1 second difference -->
INFO:root:['2019-03-26 11:29:44', '0.65', '0.00', '0.01', '2.84', '3.75', '0.00', '92.74']
INFO:root:Previous Row -->
INFO:root:['2019-03-26 11:29:45', '4.07', '0.03', '0.45', '20.54', '46.94', '0.79', '27.17']
INFO:root:Actual Row -->
INFO:root:['2019-03-26 11:29:46', '0.63', '0.00', '0.07', '98.12', '0.59', '0.01', '0.58']
INFO:root:diff is:	0:00:01
INFO:root:1 second difference -->
INFO:root:['2019-03-26 11:29:45', '4.07', '0.03', '0.45', '20.54', '46.94', '0.79', '27.17']
INFO:root:Previous Row -->
INFO:root:['2019-03-26 11:29:46', '0.63', '0.00', '0.07', '98.12', '0.59', '0.01', '0.58']
INFO:root:Actual Row -->
INFO:root:['2019-03-26 11:29:47', '38.60', '0.01', '0.16', '6.36', '0.65', '0.15', '54.07']
INFO:root:diff is:	0:00:01
INFO:root:1 second difference -->
INFO:root:['2019-03-26 11:29:46', '0.63', '0.00', '0.07', '98.12', '0.59', '0.01', '0.58']
INFO:root:Previous Row -->
INFO:root:['2019-03-26 11:29:47', '38.60', '0.01', '0.16', '6.36', '0.65', '0.15', '54.07']
INFO:root:Actual Row -->
INFO:root:['2019-03-26 11:29:48', '7.10', '0.07', '0.45', '2.85', '23.86', '0.60', '65.08']
INFO:root:diff is:	0:00:01
INFO:root:1 second difference -->
INFO:root:['2019-03-26 11:29:47', '38.60', '0.01', '0.16', '6.36', '0.65', '0.15', '54.07']
INFO:root:Last Row -->
INFO:root:['2019-03-26 11:29:48', '7.10', '0.07', '0.45', '2.85', '23.86', '0.60', '65.08', 0]
INFO:root:End of Facial Expression data normalization
